#-----------------------------------------------------------
# Vivado v2018.3 (64-bit)
# SW Build 2405991 on Thu Dec  6 23:38:27 MST 2018
# IP Build 2404404 on Fri Dec  7 01:43:56 MST 2018
# Start of session at: Sat Aug  1 22:02:31 2020
# Process ID: 44648
# Current directory: E:/qq_file/gryo/gryo
# Command line: vivado.exe -gui_launcher_event rodinguilauncherevent19616 E:\qq_file\gryo\gryo\project_8.xpr
# Log file: E:/qq_file/gryo/gryo/vivado.log
# Journal file: E:/qq_file/gryo/gryo\vivado.jou
#-----------------------------------------------------------
start_gui
open_project E:/qq_file/gryo/gryo/project_8.xpr
INFO: [Project 1-313] Project file moved from 'C:/vivadopro/project_8' since last save.
CRITICAL WARNING: [Project 1-311] Could not find the file 'E:/qq_file/Users/ap/Desktop/SEA-master/Demos/2.IoT/Gyro2AWSloT/FPGA_Project/Clk_Division.v', nor could it be found using path 'C:/Users/ap/Desktop/SEA-master/Demos/2.IoT/Gyro2AWSloT/FPGA_Project/Clk_Division.v'.
CRITICAL WARNING: [Project 1-311] Could not find the file 'E:/qq_file/Users/ap/Desktop/SEA-master/Demos/2.IoT/Gyro2AWSloT/FPGA_Project/Driver_Gyro.v', nor could it be found using path 'C:/Users/ap/Desktop/SEA-master/Demos/2.IoT/Gyro2AWSloT/FPGA_Project/Driver_Gyro.v'.
CRITICAL WARNING: [Project 1-311] Could not find the file 'E:/qq_file/Users/ap/Desktop/SEA-master/Demos/2.IoT/Gyro2AWSloT/FPGA_Project/Driver_IIC.v', nor could it be found using path 'C:/Users/ap/Desktop/SEA-master/Demos/2.IoT/Gyro2AWSloT/FPGA_Project/Driver_IIC.v'.
CRITICAL WARNING: [Project 1-311] Could not find the file 'E:/qq_file/Users/ap/Desktop/SEA-master/Demos/2.IoT/Gyro2AWSloT/FPGA_Project/Gyro2ram.v', nor could it be found using path 'C:/Users/ap/Desktop/SEA-master/Demos/2.IoT/Gyro2AWSloT/FPGA_Project/Gyro2ram.v'.
CRITICAL WARNING: [Project 1-311] Could not find the file 'E:/qq_file/Users/ap/Desktop/SEA-master/Demos/2.IoT/Gyro2AWSloT/FPGA_Project/qspi_slave.v', nor could it be found using path 'C:/Users/ap/Desktop/SEA-master/Demos/2.IoT/Gyro2AWSloT/FPGA_Project/qspi_slave.v'.
CRITICAL WARNING: [Project 1-311] Could not find the file 'E:/qq_file/Users/ap/Desktop/SEA-master/Demos/2.IoT/Gyro2AWSloT/FPGA_Project/Gyro_Demo.v', nor could it be found using path 'C:/Users/ap/Desktop/SEA-master/Demos/2.IoT/Gyro2AWSloT/FPGA_Project/Gyro_Demo.v'.
CRITICAL WARNING: [Project 1-311] Could not find the file 'E:/qq_file/Users/ap/Desktop/SEA-master/Demos/2.IoT/Gyro2AWSloT/FPGA_Project/system.xdc', nor could it be found using path 'C:/Users/ap/Desktop/SEA-master/Demos/2.IoT/Gyro2AWSloT/FPGA_Project/system.xdc'.
Scanning sources...
Finished scanning sources
WARNING: [filemgmt 56-2] IP Repository Path: Could not find the directory 'E:/qq_file/Users/ap/Desktop/SEA-master', nor could it be found using path 'C:/Users/ap/Desktop/SEA-master'.
INFO: [IP_Flow 19-234] Refreshing IP repositories
WARNING: [IP_Flow 19-2248] Failed to load user IP repository 'e:/qq_file/Users/ap/Desktop/SEA-master'; Can't find the specified path.
If this directory should no longer be in your list of user repositories, go to the IP Settings dialog and remove it.
INFO: [IP_Flow 19-2313] Loaded Vivado IP repository 'D:/Xilinx/Vivado/2018.3/data/ip'.
open_project: Time (s): cpu = 00:00:34 ; elapsed = 00:00:18 . Memory (MB): peak = 816.574 ; gain = 199.652
update_compile_order -fileset sources_1
exit
INFO: [Common 17-206] Exiting Vivado at Sat Aug  1 22:08:15 2020...
